<?xml version="1.0" encoding="UTF-8"?>
<testng-results ignored="0" total="1" passed="1" failed="0" skipped="0">
  <reporter-output>
  </reporter-output>
  <suite started-at="2023-09-20T18:33:47 IST" name="Suite" finished-at="2023-09-20T18:34:07 IST" duration-ms="20354">
    <groups>
    </groups>
    <test started-at="2023-09-20T18:33:47 IST" name="Test" finished-at="2023-09-20T18:34:07 IST" duration-ms="20354">
      <class name="testcase.SwagLabs">
        <test-method is-config="true" signature="startReport()[pri:0, instance:testcase.SwagLabs@1e0b4072]" started-at="2023-09-20T18:33:47 IST" name="startReport" finished-at="2023-09-20T18:33:47 IST" duration-ms="108" status="PASS">
          <reporter-output>
          </reporter-output>
        </test-method> <!-- startReport -->
        <test-method is-config="true" signature="setup()[pri:0, instance:testcase.SwagLabs@1e0b4072]" started-at="2023-09-20T18:33:47 IST" name="setup" finished-at="2023-09-20T18:33:47 IST" duration-ms="0" status="PASS">
          <reporter-output>
          </reporter-output>
        </test-method> <!-- setup -->
        <test-method is-config="true" signature="testDetail()[pri:0, instance:testcase.SwagLabs@1e0b4072]" started-at="2023-09-20T18:33:47 IST" name="testDetail" finished-at="2023-09-20T18:33:47 IST" duration-ms="4" status="PASS">
          <reporter-output>
          </reporter-output>
        </test-method> <!-- testDetail -->
        <test-method is-config="true" signature="preCondition()[pri:0, instance:testcase.SwagLabs@1e0b4072]" started-at="2023-09-20T18:33:47 IST" name="preCondition" finished-at="2023-09-20T18:33:50 IST" duration-ms="2447" status="PASS">
          <reporter-output>
          </reporter-output>
        </test-method> <!-- preCondition -->
        <test-method signature="salesforceTest(java.lang.String,java.lang.String,java.lang.String,java.lang.String,java.lang.String)[pri:0, instance:testcase.SwagLabs@1e0b4072]" started-at="2023-09-20T18:33:50 IST" name="salesforceTest" data-provider="testData" finished-at="2023-09-20T18:34:07 IST" duration-ms="17279" status="PASS">
          <params>
            <param index="0">
              <value>
                <![CDATA[standard_user]]>
              </value>
            </param>
            <param index="1">
              <value>
                <![CDATA[secret_sauce]]>
              </value>
            </param>
            <param index="2">
              <value>
                <![CDATA[Suneetha]]>
              </value>
            </param>
            <param index="3">
              <value>
                <![CDATA[sun]]>
              </value>
            </param>
            <param index="4">
              <value>
                <![CDATA[600131]]>
              </value>
            </param>
          </params>
          <reporter-output>
          </reporter-output>
        </test-method> <!-- salesforceTest -->
        <test-method is-config="true" signature="postCondition()[pri:0, instance:testcase.SwagLabs@1e0b4072]" started-at="2023-09-20T18:34:07 IST" name="postCondition" finished-at="2023-09-20T18:34:07 IST" duration-ms="95" status="PASS">
          <reporter-output>
          </reporter-output>
        </test-method> <!-- postCondition -->
        <test-method is-config="true" signature="stopReport()[pri:0, instance:testcase.SwagLabs@1e0b4072]" started-at="2023-09-20T18:34:07 IST" name="stopReport" finished-at="2023-09-20T18:34:07 IST" duration-ms="173" status="PASS">
          <reporter-output>
          </reporter-output>
        </test-method> <!-- stopReport -->
      </class> <!-- testcase.SwagLabs -->
    </test> <!-- Test -->
  </suite> <!-- Suite -->
</testng-results>
